Application/Mogeun/app/build/intermediates/manifest_merge_blame_file/debug/manifest-merger-blame-debug-report.txt
1<?xml version="1.0" encoding="utf-8"?>
2<manifest xmlns:android="http://schemas.android.com/apk/res/android"
3    package="io.ssafy.mogeun"
4    android:versionCode="1"
5    android:versionName="1.0" >
6
7    <uses-sdk
8        android:minSdkVersion="24"
9        android:targetSdkVersion="33" />
10
11    <uses-permission android:name="android.permission.INTERNET" />
11-->[com.google.android.gms:play-services-measurement-api:21.4.0] AndroidManifest.xml:22:5-67
11-->[com.google.android.gms:play-services-measurement-api:21.4.0] AndroidManifest.xml:22:22-64
12    <uses-permission android:name="android.permission.ACCESS_NETWORK_STATE" />
12-->[com.google.android.gms:play-services-measurement-api:21.4.0] AndroidManifest.xml:23:5-79
12-->[com.google.android.gms:play-services-measurement-api:21.4.0] AndroidManifest.xml:23:22-76
13    <uses-permission android:name="android.permission.WAKE_LOCK" />
13-->[com.google.android.gms:play-services-measurement-api:21.4.0] AndroidManifest.xml:24:5-68
13-->[com.google.android.gms:play-services-measurement-api:21.4.0] AndroidManifest.xml:24:22-65
14    <uses-permission android:name="com.google.android.gms.permission.AD_ID" />
14-->[com.google.android.gms:play-services-measurement-api:21.4.0] AndroidManifest.xml:25:5-79
14-->[com.google.android.gms:play-services-measurement-api:21.4.0] AndroidManifest.xml:25:22-76
15    <uses-permission android:name="com.google.android.finsky.permission.BIND_GET_INSTALL_REFERRER_SERVICE" />
15-->[com.google.android.gms:play-services-measurement:21.4.0] AndroidManifest.xml:26:5-110
15-->[com.google.android.gms:play-services-measurement:21.4.0] AndroidManifest.xml:26:22-107
16
17    <permission
17-->[androidx.core:core:1.12.0] AndroidManifest.xml:22:5-24:47
18        android:name="io.ssafy.mogeun.DYNAMIC_RECEIVER_NOT_EXPORTED_PERMISSION"
18-->[androidx.core:core:1.12.0] AndroidManifest.xml:23:9-81
19        android:protectionLevel="signature" />
19-->[androidx.core:core:1.12.0] AndroidManifest.xml:24:9-44
20
21    <uses-permission android:name="io.ssafy.mogeun.DYNAMIC_RECEIVER_NOT_EXPORTED_PERMISSION" />
21-->[androidx.core:core:1.12.0] AndroidManifest.xml:26:5-97
21-->[androidx.core:core:1.12.0] AndroidManifest.xml:26:22-94
22
23    <application
23-->src\main\AndroidManifest.xml:5:5-26:19
24        android:allowBackup="true"
24-->src\main\AndroidManifest.xml:6:9-35
25        android:appComponentFactory="androidx.core.app.CoreComponentFactory"
25-->[androidx.core:core:1.12.0] AndroidManifest.xml:28:18-86
26        android:dataExtractionRules="@xml/data_extraction_rules"
26-->src\main\AndroidManifest.xml:7:9-65
27        android:debuggable="true"
28        android:extractNativeLibs="false"
29        android:fullBackupContent="@xml/backup_rules"
29-->src\main\AndroidManifest.xml:8:9-54
30        android:icon="@mipmap/ic_launcher"
30-->src\main\AndroidManifest.xml:9:9-43
31        android:label="@string/app_name"
31-->src\main\AndroidManifest.xml:10:9-41
32        android:roundIcon="@mipmap/ic_launcher_round"
32-->src\main\AndroidManifest.xml:11:9-54
33        android:supportsRtl="true"
33-->src\main\AndroidManifest.xml:12:9-35
34        android:theme="@style/Theme.Mogeun" >
34-->src\main\AndroidManifest.xml:13:9-44
35        <activity
35-->src\main\AndroidManifest.xml:15:9-25:20
36            android:name="io.ssafy.mogeun.MainActivity"
36-->src\main\AndroidManifest.xml:16:13-41
37            android:exported="true"
37-->src\main\AndroidManifest.xml:17:13-36
38            android:label="@string/app_name"
38-->src\main\AndroidManifest.xml:18:13-45
39            android:theme="@style/Theme.Mogeun" >
39-->src\main\AndroidManifest.xml:19:13-48
40            <intent-filter>
40-->src\main\AndroidManifest.xml:20:13-24:29
41                <action android:name="android.intent.action.MAIN" />
41-->src\main\AndroidManifest.xml:21:17-69
41-->src\main\AndroidManifest.xml:21:25-66
42
43                <category android:name="android.intent.category.LAUNCHER" />
43-->src\main\AndroidManifest.xml:23:17-77
43-->src\main\AndroidManifest.xml:23:27-74
44            </intent-filter>
45        </activity>
46
47        <service
47-->[com.google.firebase:firebase-analytics-ktx:21.4.0] AndroidManifest.xml:8:9-14:19
48            android:name="com.google.firebase.components.ComponentDiscoveryService"
48-->[com.google.firebase:firebase-analytics-ktx:21.4.0] AndroidManifest.xml:9:13-84
49            android:directBootAware="true"
49-->[com.google.firebase:firebase-common:20.4.2] AndroidManifest.xml:32:13-43
50            android:exported="false" >
50-->[com.google.firebase:firebase-analytics-ktx:21.4.0] AndroidManifest.xml:10:13-37
51            <meta-data
51-->[com.google.firebase:firebase-analytics-ktx:21.4.0] AndroidManifest.xml:11:13-13:85
52                android:name="com.google.firebase.components:com.google.firebase.analytics.ktx.FirebaseAnalyticsLegacyRegistrar"
52-->[com.google.firebase:firebase-analytics-ktx:21.4.0] AndroidManifest.xml:12:17-129
53                android:value="com.google.firebase.components.ComponentRegistrar" />
53-->[com.google.firebase:firebase-analytics-ktx:21.4.0] AndroidManifest.xml:13:17-82
54            <meta-data
54-->[com.google.android.gms:play-services-measurement-api:21.4.0] AndroidManifest.xml:31:13-33:85
55                android:name="com.google.firebase.components:com.google.firebase.analytics.connector.internal.AnalyticsConnectorRegistrar"
55-->[com.google.android.gms:play-services-measurement-api:21.4.0] AndroidManifest.xml:32:17-139
56                android:value="com.google.firebase.components.ComponentRegistrar" />
56-->[com.google.android.gms:play-services-measurement-api:21.4.0] AndroidManifest.xml:33:17-82
57            <meta-data
57-->[com.google.firebase:firebase-installations:17.2.0] AndroidManifest.xml:15:13-17:85
58                android:name="com.google.firebase.components:com.google.firebase.installations.FirebaseInstallationsKtxRegistrar"
58-->[com.google.firebase:firebase-installations:17.2.0] AndroidManifest.xml:16:17-130
59                android:value="com.google.firebase.components.ComponentRegistrar" />
59-->[com.google.firebase:firebase-installations:17.2.0] AndroidManifest.xml:17:17-82
60            <meta-data
60-->[com.google.firebase:firebase-installations:17.2.0] AndroidManifest.xml:18:13-20:85
61                android:name="com.google.firebase.components:com.google.firebase.installations.FirebaseInstallationsRegistrar"
61-->[com.google.firebase:firebase-installations:17.2.0] AndroidManifest.xml:19:17-127
62                android:value="com.google.firebase.components.ComponentRegistrar" />
62-->[com.google.firebase:firebase-installations:17.2.0] AndroidManifest.xml:20:17-82
63            <meta-data
63-->[com.google.firebase:firebase-common-ktx:20.4.2] AndroidManifest.xml:12:13-14:85
64                android:name="com.google.firebase.components:com.google.firebase.ktx.FirebaseCommonLegacyRegistrar"
64-->[com.google.firebase:firebase-common-ktx:20.4.2] AndroidManifest.xml:13:17-116
65                android:value="com.google.firebase.components.ComponentRegistrar" />
65-->[com.google.firebase:firebase-common-ktx:20.4.2] AndroidManifest.xml:14:17-82
66            <meta-data
66-->[com.google.firebase:firebase-common:20.4.2] AndroidManifest.xml:35:13-37:85
67                android:name="com.google.firebase.components:com.google.firebase.FirebaseCommonKtxRegistrar"
67-->[com.google.firebase:firebase-common:20.4.2] AndroidManifest.xml:36:17-109
68                android:value="com.google.firebase.components.ComponentRegistrar" />
68-->[com.google.firebase:firebase-common:20.4.2] AndroidManifest.xml:37:17-82
69        </service>
70
71        <activity
71-->[androidx.compose.ui:ui-tooling-android:1.5.4] AndroidManifest.xml:23:9-25:39
72            android:name="androidx.compose.ui.tooling.PreviewActivity"
72-->[androidx.compose.ui:ui-tooling-android:1.5.4] AndroidManifest.xml:24:13-71
73            android:exported="true" />
73-->[androidx.compose.ui:ui-tooling-android:1.5.4] AndroidManifest.xml:25:13-36
74
75        <provider
75-->[androidx.emoji2:emoji2:1.4.0] AndroidManifest.xml:24:9-32:20
76            android:name="androidx.startup.InitializationProvider"
76-->[androidx.emoji2:emoji2:1.4.0] AndroidManifest.xml:25:13-67
77            android:authorities="io.ssafy.mogeun.androidx-startup"
77-->[androidx.emoji2:emoji2:1.4.0] AndroidManifest.xml:26:13-68
78            android:exported="false" >
78-->[androidx.emoji2:emoji2:1.4.0] AndroidManifest.xml:27:13-37
79            <meta-data
79-->[androidx.emoji2:emoji2:1.4.0] AndroidManifest.xml:29:13-31:52
80                android:name="androidx.emoji2.text.EmojiCompatInitializer"
80-->[androidx.emoji2:emoji2:1.4.0] AndroidManifest.xml:30:17-75
81                android:value="androidx.startup" />
81-->[androidx.emoji2:emoji2:1.4.0] AndroidManifest.xml:31:17-49
82            <meta-data
82-->[androidx.lifecycle:lifecycle-process:2.6.2] AndroidManifest.xml:29:13-31:52
83                android:name="androidx.lifecycle.ProcessLifecycleInitializer"
83-->[androidx.lifecycle:lifecycle-process:2.6.2] AndroidManifest.xml:30:17-78
84                android:value="androidx.startup" />
84-->[androidx.lifecycle:lifecycle-process:2.6.2] AndroidManifest.xml:31:17-49
85            <meta-data
85-->[androidx.profileinstaller:profileinstaller:1.3.0] AndroidManifest.xml:29:13-31:52
86                android:name="androidx.profileinstaller.ProfileInstallerInitializer"
86-->[androidx.profileinstaller:profileinstaller:1.3.0] AndroidManifest.xml:30:17-85
87                android:value="androidx.startup" />
87-->[androidx.profileinstaller:profileinstaller:1.3.0] AndroidManifest.xml:31:17-49
88        </provider>
89
90        <receiver
90-->[com.google.android.gms:play-services-measurement:21.4.0] AndroidManifest.xml:29:9-33:20
91            android:name="com.google.android.gms.measurement.AppMeasurementReceiver"
91-->[com.google.android.gms:play-services-measurement:21.4.0] AndroidManifest.xml:30:13-85
92            android:enabled="true"
92-->[com.google.android.gms:play-services-measurement:21.4.0] AndroidManifest.xml:31:13-35
93            android:exported="false" >
93-->[com.google.android.gms:play-services-measurement:21.4.0] AndroidManifest.xml:32:13-37
94        </receiver>
95
96        <service
96-->[com.google.android.gms:play-services-measurement:21.4.0] AndroidManifest.xml:35:9-38:40
97            android:name="com.google.android.gms.measurement.AppMeasurementService"
97-->[com.google.android.gms:play-services-measurement:21.4.0] AndroidManifest.xml:36:13-84
98            android:enabled="true"
98-->[com.google.android.gms:play-services-measurement:21.4.0] AndroidManifest.xml:37:13-35
99            android:exported="false" />
99-->[com.google.android.gms:play-services-measurement:21.4.0] AndroidManifest.xml:38:13-37
100        <service
100-->[com.google.android.gms:play-services-measurement:21.4.0] AndroidManifest.xml:39:9-43:72
101            android:name="com.google.android.gms.measurement.AppMeasurementJobService"
101-->[com.google.android.gms:play-services-measurement:21.4.0] AndroidManifest.xml:40:13-87
102            android:enabled="true"
102-->[com.google.android.gms:play-services-measurement:21.4.0] AndroidManifest.xml:41:13-35
103            android:exported="false"
103-->[com.google.android.gms:play-services-measurement:21.4.0] AndroidManifest.xml:42:13-37
104            android:permission="android.permission.BIND_JOB_SERVICE" />
104-->[com.google.android.gms:play-services-measurement:21.4.0] AndroidManifest.xml:43:13-69
105
106        <provider
106-->[com.google.firebase:firebase-common:20.4.2] AndroidManifest.xml:23:9-28:39
107            android:name="com.google.firebase.provider.FirebaseInitProvider"
107-->[com.google.firebase:firebase-common:20.4.2] AndroidManifest.xml:24:13-77
108            android:authorities="io.ssafy.mogeun.firebaseinitprovider"
108-->[com.google.firebase:firebase-common:20.4.2] AndroidManifest.xml:25:13-72
109            android:directBootAware="true"
109-->[com.google.firebase:firebase-common:20.4.2] AndroidManifest.xml:26:13-43
110            android:exported="false"
110-->[com.google.firebase:firebase-common:20.4.2] AndroidManifest.xml:27:13-37
111            android:initOrder="100" />
111-->[com.google.firebase:firebase-common:20.4.2] AndroidManifest.xml:28:13-36
112
113        <meta-data
113-->[com.google.android.gms:play-services-basement:18.1.0] AndroidManifest.xml:21:9-23:69
114            android:name="com.google.android.gms.version"
114-->[com.google.android.gms:play-services-basement:18.1.0] AndroidManifest.xml:22:13-58
115            android:value="@integer/google_play_services_version" />
115-->[com.google.android.gms:play-services-basement:18.1.0] AndroidManifest.xml:23:13-66
116
117        <uses-library
117-->[androidx.privacysandbox.ads:ads-adservices:1.0.0-beta05] AndroidManifest.xml:23:9-25:40
118            android:name="android.ext.adservices"
118-->[androidx.privacysandbox.ads:ads-adservices:1.0.0-beta05] AndroidManifest.xml:24:13-50
119            android:required="false" />
119-->[androidx.privacysandbox.ads:ads-adservices:1.0.0-beta05] AndroidManifest.xml:25:13-37
120
121        <activity
121-->[androidx.compose.ui:ui-test-manifest:1.5.4] AndroidManifest.xml:23:9-25:39
122            android:name="androidx.activity.ComponentActivity"
122-->[androidx.compose.ui:ui-test-manifest:1.5.4] AndroidManifest.xml:24:13-63
123            android:exported="true" />
123-->[androidx.compose.ui:ui-test-manifest:1.5.4] AndroidManifest.xml:25:13-36
124
125        <receiver
125-->[androidx.profileinstaller:profileinstaller:1.3.0] AndroidManifest.xml:34:9-52:20
126            android:name="androidx.profileinstaller.ProfileInstallReceiver"
126-->[androidx.profileinstaller:profileinstaller:1.3.0] AndroidManifest.xml:35:13-76
127            android:directBootAware="false"
127-->[androidx.profileinstaller:profileinstaller:1.3.0] AndroidManifest.xml:36:13-44
128            android:enabled="true"
128-->[androidx.profileinstaller:profileinstaller:1.3.0] AndroidManifest.xml:37:13-35
129            android:exported="true"
129-->[androidx.profileinstaller:profileinstaller:1.3.0] AndroidManifest.xml:38:13-36
130            android:permission="android.permission.DUMP" >
130-->[androidx.profileinstaller:profileinstaller:1.3.0] AndroidManifest.xml:39:13-57
131            <intent-filter>
131-->[androidx.profileinstaller:profileinstaller:1.3.0] AndroidManifest.xml:40:13-42:29
132                <action android:name="androidx.profileinstaller.action.INSTALL_PROFILE" />
132-->[androidx.profileinstaller:profileinstaller:1.3.0] AndroidManifest.xml:41:17-91
132-->[androidx.profileinstaller:profileinstaller:1.3.0] AndroidManifest.xml:41:25-88
133            </intent-filter>
134            <intent-filter>
134-->[androidx.profileinstaller:profileinstaller:1.3.0] AndroidManifest.xml:43:13-45:29
135                <action android:name="androidx.profileinstaller.action.SKIP_FILE" />
135-->[androidx.profileinstaller:profileinstaller:1.3.0] AndroidManifest.xml:44:17-85
135-->[androidx.profileinstaller:profileinstaller:1.3.0] AndroidManifest.xml:44:25-82
136            </intent-filter>
137            <intent-filter>
137-->[androidx.profileinstaller:profileinstaller:1.3.0] AndroidManifest.xml:46:13-48:29
138                <action android:name="androidx.profileinstaller.action.SAVE_PROFILE" />
138-->[androidx.profileinstaller:profileinstaller:1.3.0] AndroidManifest.xml:47:17-88
138-->[androidx.profileinstaller:profileinstaller:1.3.0] AndroidManifest.xml:47:25-85
139            </intent-filter>
140            <intent-filter>
140-->[androidx.profileinstaller:profileinstaller:1.3.0] AndroidManifest.xml:49:13-51:29
141                <action android:name="androidx.profileinstaller.action.BENCHMARK_OPERATION" />
141-->[androidx.profileinstaller:profileinstaller:1.3.0] AndroidManifest.xml:50:17-95
141-->[androidx.profileinstaller:profileinstaller:1.3.0] AndroidManifest.xml:50:25-92
142            </intent-filter>
143        </receiver>
144    </application>
145
146</manifest>